<?xml version="1.0" encoding="UTF-8"?>
<!-- Generated by org.testng.reporters.JUnitReportReporter -->
<testsuite hostname="LAPTOP-5RT7MAM2" failures="0" tests="1" name="Testcases.SoftAssertion" time="32.352" errors="0" timestamp="2023-01-05T22:59:36 IST" skipped="0">
  <testcase classname="Testcases.SoftAssertion" name="swagLogoTest" time="32.352"/>
</testsuite> <!-- Testcases.SoftAssertion -->
