<?xml version="1.0" encoding="UTF-8"?>
<!-- Generated by org.testng.reporters.JUnitReportReporter -->
<testsuite hostname="LAPTOP-5RT7MAM2" failures="0" tests="7" name="Testcases.LoginPageTest" time="113.779" errors="0" timestamp="2023-01-14T15:08:30 IST" skipped="6">
  <testcase classname="Testcases.LoginPageTest" name="scrollPageTest" time="113.779"/>
  <testcase classname="Testcases.LoginPageTest" name="verifyBotLogoTest">
    <skipped/>
  </testcase> <!-- verifyBotLogoTest -->
  <testcase classname="Testcases.LoginPageTest" name="verifylogLogoTest">
    <skipped/>
  </testcase> <!-- verifylogLogoTest -->
  <testcase classname="Testcases.LoginPageTest" name="userloginTest">
    <skipped/>
  </testcase> <!-- userloginTest -->
  <testcase classname="Testcases.LoginPageTest" name="verifyProductLable">
    <skipped/>
  </testcase> <!-- verifyProductLable -->
  <testcase classname="Testcases.LoginPageTest" name="verifyUrlTest">
    <skipped/>
  </testcase> <!-- verifyUrlTest -->
  <testcase classname="Testcases.LoginPageTest" name="verifyTitleTest">
    <skipped/>
  </testcase> <!-- verifyTitleTest -->
</testsuite> <!-- Testcases.LoginPageTest -->
