<?xml version="1.0" encoding="UTF-8"?>
<!-- Generated by org.testng.reporters.JUnitReportReporter -->
<testsuite hostname="LAPTOP-5RT7MAM2" failures="0" tests="1" name="Testcases.FailedTest" time="20.515" errors="0" timestamp="2023-01-07T13:04:42 IST" skipped="0">
  <testcase classname="Testcases.FailedTest" name="Test4" time="20.515"/>
</testsuite> <!-- Testcases.FailedTest -->
