<?xml version="1.0" encoding="UTF-8"?>
<!-- Generated by org.testng.reporters.JUnitReportReporter -->
<testsuite hostname="LAPTOP-5RT7MAM2" failures="0" tests="1" name="Testcases.OverViewPageTest" time="38.102" errors="0" timestamp="2023-01-07T13:03:41 IST" skipped="0">
  <testcase classname="Testcases.OverViewPageTest" name="titleofViewPageTest" time="38.102"/>
</testsuite> <!-- Testcases.OverViewPageTest -->
