<?xml version="1.0" encoding="UTF-8"?>
<!-- Generated by org.testng.reporters.JUnitReportReporter -->
<testsuite hostname="LAPTOP-5RT7MAM2" failures="0" tests="1" name="Testcases.InventaryPageTest" time="13.417" errors="0" timestamp="2023-01-04T23:34:37 IST" skipped="0">
  <testcase classname="Testcases.InventaryPageTest" name="linkedInSymbolTest" time="13.417"/>
</testsuite> <!-- Testcases.InventaryPageTest -->
