<?xml version="1.0" encoding="UTF-8"?>
<!-- Generated by org.testng.reporters.JUnitReportReporter -->
<testsuite hostname="LAPTOP-5RT7MAM2" failures="0" tests="2" name="Testcases.CartPageTest" time="74.136" errors="0" timestamp="2023-01-03T01:39:56 IST" skipped="0">
  <testcase classname="Testcases.CartPageTest" name="verifyCartCountTest" time="47.606"/>
  <testcase classname="Testcases.CartPageTest" name="cartTitleTest" time="26.530"/>
</testsuite> <!-- Testcases.CartPageTest -->
