<?xml version="1.0" encoding="UTF-8"?>
<!-- Generated by org.testng.reporters.JUnitReportReporter -->
<testsuite hostname="LAPTOP-5RT7MAM2" failures="0" tests="4" name="Testcases.ParallelTest" time="539.924" errors="0" timestamp="2023-01-07T15:30:16 IST" skipped="0">
  <testcase classname="Testcases.ParallelTest" name="Test3" time="134.698"/>
  <testcase classname="Testcases.ParallelTest" name="Test4" time="134.703"/>
  <testcase classname="Testcases.ParallelTest" name="Test1" time="134.698"/>
  <testcase classname="Testcases.ParallelTest" name="Test2" time="135.825"/>
</testsuite> <!-- Testcases.ParallelTest -->
